# JRE version: Java(TM) SE Runtime Environment (8.0_231-b11) (build 1.8.0_231-b11)
# Java VM: Java HotSpot(TM) 64-Bit Server VM (25.231-b11 mixed mode windows-amd64 compressed oops)
Heap:
 PSYoungGen      total 136704K, used 73867K [0x00000000f5580000, 0x00000000ff400000, 0x0000000100000000)
  eden space 124416K, 49% used [0x00000000f5580000,0x00000000f91bda18,0x00000000fcf00000)
  from space 12288K, 99% used [0x00000000fd280000,0x00000000fde65208,0x00000000fde80000)
  to   space 18944K, 0% used [0x00000000fe180000,0x00000000fe180000,0x00000000ff400000)
 ParOldGen       total 175104K, used 109135K [0x00000000e0000000, 0x00000000eab00000, 0x00000000f5580000)
  object space 175104K, 62% used [0x00000000e0000000,0x00000000e6a93f00,0x00000000eab00000)
 Metaspace       used 71357K, capacity 74712K, committed 74900K, reserved 1114112K
  class space    used 9762K, capacity 10584K, committed 10684K, reserved 1048576K
GC Heap History (10 events):
Event: 119.364 GC heap before
{Heap before GC invocations=20 (full 3):
 PSYoungGen      total 151040K, used 150844K [0x00000000f5580000, 0x0000000100000000, 0x0000000100000000)
  eden space 131584K, 100% used [0x00000000f5580000,0x00000000fd600000,0x00000000fd600000)
  from space 19456K, 98% used [0x00000000fed00000,0x00000000fffcf058,0x0000000100000000)
  to   space 21504K, 0% used [0x00000000fd600000,0x00000000fd600000,0x00000000feb00000)
 ParOldGen       total 175104K, used 64374K [0x00000000e0000000, 0x00000000eab00000, 0x00000000f5580000)
  object space 175104K, 36% used [0x00000000e0000000,0x00000000e3eddb88,0x00000000eab00000)
 Metaspace       used 67331K, capacity 70458K, committed 70548K, reserved 1110016K
  class space    used 9290K, capacity 10087K, committed 10172K, reserved 1048576K
Event: 119.395 GC heap after
Heap after GC invocations=20 (full 3):
 PSYoungGen      total 153088K, used 8640K [0x00000000f5580000, 0x0000000100000000, 0x0000000100000000)
  eden space 131584K, 0% used [0x00000000f5580000,0x00000000f5580000,0x00000000fd600000)
  from space 21504K, 40% used [0x00000000fd600000,0x00000000fde700c0,0x00000000feb00000)
  to   space 20992K, 0% used [0x00000000feb80000,0x00000000feb80000,0x0000000100000000)
 ParOldGen       total 175104K, used 81182K [0x00000000e0000000, 0x00000000eab00000, 0x00000000f5580000)
  object space 175104K, 46% used [0x00000000e0000000,0x00000000e4f47ae8,0x00000000eab00000)
 Metaspace       used 67331K, capacity 70458K, committed 70548K, reserved 1110016K
  class space    used 9290K, capacity 10087K, committed 10172K, reserved 1048576K
}
Event: 127.967 GC heap before
{Heap before GC invocations=21 (full 3):
 PSYoungGen      total 153088K, used 140224K [0x00000000f5580000, 0x0000000100000000, 0x0000000100000000)
  eden space 131584K, 100% used [0x00000000f5580000,0x00000000fd600000,0x00000000fd600000)
  from space 21504K, 40% used [0x00000000fd600000,0x00000000fde700c0,0x00000000feb00000)
  to   space 20992K, 0% used [0x00000000feb80000,0x00000000feb80000,0x0000000100000000)
 ParOldGen       total 175104K, used 81182K [0x00000000e0000000, 0x00000000eab00000, 0x00000000f5580000)
  object space 175104K, 46% used [0x00000000e0000000,0x00000000e4f47ae8,0x00000000eab00000)
 Metaspace       used 67337K, capacity 70464K, committed 70548K, reserved 1110016K
  class space    used 9290K, capacity 10088K, committed 10172K, reserved 1048576K
Event: 127.988 GC heap after
Heap after GC invocations=21 (full 3):
 PSYoungGen      total 151552K, used 9120K [0x00000000f5580000, 0x00000000ffe80000, 0x0000000100000000)
  eden space 132096K, 0% used [0x00000000f5580000,0x00000000f5580000,0x00000000fd680000)
  from space 19456K, 46% used [0x00000000feb80000,0x00000000ff468040,0x00000000ffe80000)
  to   space 20480K, 0% used [0x00000000fd680000,0x00000000fd680000,0x00000000fea80000)
 ParOldGen       total 175104K, used 87862K [0x00000000e0000000, 0x00000000eab00000, 0x00000000f5580000)
  object space 175104K, 50% used [0x00000000e0000000,0x00000000e55cdb88,0x00000000eab00000)
 Metaspace       used 67337K, capacity 70464K, committed 70548K, reserved 1110016K
  class space    used 9290K, capacity 10088K, committed 10172K, reserved 1048576K
}
Event: 133.355 GC heap before
{Heap before GC invocations=22 (full 3):
 PSYoungGen      total 151552K, used 141216K [0x00000000f5580000, 0x00000000ffe80000, 0x0000000100000000)
  eden space 132096K, 100% used [0x00000000f5580000,0x00000000fd680000,0x00000000fd680000)
  from space 19456K, 46% used [0x00000000feb80000,0x00000000ff468040,0x00000000ffe80000)
  to   space 20480K, 0% used [0x00000000fd680000,0x00000000fd680000,0x00000000fea80000)
 ParOldGen       total 175104K, used 87862K [0x00000000e0000000, 0x00000000eab00000, 0x00000000f5580000)
  object space 175104K, 50% used [0x00000000e0000000,0x00000000e55cdb88,0x00000000eab00000)
 Metaspace       used 67343K, capacity 70464K, committed 70548K, reserved 1110016K
  class space    used 9290K, capacity 10088K, committed 10172K, reserved 1048576K
Event: 133.403 GC heap after
Heap after GC invocations=22 (full 3):
 PSYoungGen      total 152576K, used 10016K [0x00000000f5580000, 0x0000000100000000, 0x0000000100000000)
  eden space 132096K, 0% used [0x00000000f5580000,0x00000000f5580000,0x00000000fd680000)
  from space 20480K, 48% used [0x00000000fd680000,0x00000000fe0480e0,0x00000000fea80000)
  to   space 19968K, 0% used [0x00000000fec80000,0x00000000fec80000,0x0000000100000000)
 ParOldGen       total 175104K, used 95006K [0x00000000e0000000, 0x00000000eab00000, 0x00000000f5580000)
  object space 175104K, 54% used [0x00000000e0000000,0x00000000e5cc7ba8,0x00000000eab00000)
 Metaspace       used 67343K, capacity 70464K, committed 70548K, reserved 1110016K
  class space    used 9290K, capacity 10088K, committed 10172K, reserved 1048576K
}
Event: 167.156 GC heap before
{Heap before GC invocations=23 (full 3):
 PSYoungGen      total 152576K, used 142112K [0x00000000f5580000, 0x0000000100000000, 0x0000000100000000)
  eden space 132096K, 100% used [0x00000000f5580000,0x00000000fd680000,0x00000000fd680000)
  from space 20480K, 48% used [0x00000000fd680000,0x00000000fe0480e0,0x00000000fea80000)
  to   space 19968K, 0% used [0x00000000fec80000,0x00000000fec80000,0x0000000100000000)
 ParOldGen       total 175104K, used 95006K [0x00000000e0000000, 0x00000000eab00000, 0x00000000f5580000)
  object space 175104K, 54% used [0x00000000e0000000,0x00000000e5cc7ba8,0x00000000eab00000)
 Metaspace       used 69630K, capacity 72860K, committed 73108K, reserved 1112064K
  class space    used 9576K, capacity 10402K, committed 10428K, reserved 1048576K
Event: 167.179 GC heap after
Heap after GC invocations=23 (full 3):
 PSYoungGen      total 139264K, used 9402K [0x00000000f5580000, 0x00000000ff780000, 0x0000000100000000)
  eden space 128000K, 0% used [0x00000000f5580000,0x00000000f5580000,0x00000000fd280000)
  from space 11264K, 83% used [0x00000000fec80000,0x00000000ff5aeb98,0x00000000ff780000)
  to   space 18944K, 0% used [0x00000000fd280000,0x00000000fd280000,0x00000000fe500000)
 ParOldGen       total 175104K, used 103159K [0x00000000e0000000, 0x00000000eab00000, 0x00000000f5580000)
  object space 175104K, 58% used [0x00000000e0000000,0x00000000e64bdc88,0x00000000eab00000)
 Metaspace       used 69630K, capacity 72860K, committed 73108K, reserved 1112064K
  class space    used 9576K, capacity 10402K, committed 10428K, reserved 1048576K
}
Event: 171.543 GC heap before
{Heap before GC invocations=24 (full 3):
 PSYoungGen      total 139264K, used 137402K [0x00000000f5580000, 0x00000000ff780000, 0x0000000100000000)
  eden space 128000K, 100% used [0x00000000f5580000,0x00000000fd280000,0x00000000fd280000)
  from space 11264K, 83% used [0x00000000fec80000,0x00000000ff5aeb98,0x00000000ff780000)
  to   space 18944K, 0% used [0x00000000fd280000,0x00000000fd280000,0x00000000fe500000)
 ParOldGen       total 175104K, used 103159K [0x00000000e0000000, 0x00000000eab00000, 0x00000000f5580000)
  object space 175104K, 58% used [0x00000000e0000000,0x00000000e64bdc88,0x00000000eab00000)
 Metaspace       used 70218K, capacity 73494K, committed 73748K, reserved 1112064K
  class space    used 9628K, capacity 10449K, committed 10556K, reserved 1048576K
Event: 171.566 GC heap after
Heap after GC invocations=24 (full 3):
 PSYoungGen      total 136704K, used 12180K [0x00000000f5580000, 0x00000000ff400000, 0x0000000100000000)
  eden space 124416K, 0% used [0x00000000f5580000,0x00000000f5580000,0x00000000fcf00000)
  from space 12288K, 99% used [0x00000000fd280000,0x00000000fde65208,0x00000000fde80000)
  to   space 18944K, 0% used [0x00000000fe180000,0x00000000fe180000,0x00000000ff400000)
 ParOldGen       total 175104K, used 109135K [0x00000000e0000000, 0x00000000eab00000, 0x00000000f5580000)
  object space 175104K, 62% used [0x00000000e0000000,0x00000000e6a93f00,0x00000000eab00000)
 Metaspace       used 70218K, capacity 73494K, committed 73748K, reserved 1112064K
  class space    used 9628K, capacity 10449K, committed 10556K, reserved 1048576K
}

